<?xml version="1.0" encoding="UTF-8"?>
<testng-results ignored="0" total="1" passed="1" failed="0" skipped="0">
  <reporter-output>
  </reporter-output>
  <suite started-at="2025-07-31T21:09:59 IST" name="Default suite" finished-at="2025-07-31T21:10:19 IST" duration-ms="20405">
    <groups>
    </groups>
    <test started-at="2025-07-31T21:09:59 IST" name="Default test" finished-at="2025-07-31T21:10:19 IST" duration-ms="20405">
      <class name="test1.sampleTest">
        <test-method signature="dream11()[pri:0, instance:test1.sampleTest@75d4a5c2]" started-at="2025-07-31T21:09:59 IST" name="dream11" finished-at="2025-07-31T21:10:19 IST" duration-ms="20298" status="PASS">
          <reporter-output>
          </reporter-output>
        </test-method> <!-- dream11 -->
      </class> <!-- test1.sampleTest -->
    </test> <!-- Default test -->
  </suite> <!-- Default suite -->
</testng-results>
